# JRE version: Java(TM) SE Runtime Environment (7.0_51-b13) (build 1.7.0_51-b13)
# Java VM: Java HotSpot(TM) Client VM (24.51-b03 mixed mode windows-x86 )
Heap
 def new generation   total 291904K, used 217212K [0x03840000, 0x174f0000, 0x18d90000)
  eden space 259520K,  82% used [0x03840000, 0x109f83a0, 0x135b0000)
  from space 32384K,   7% used [0x15550000, 0x157b6d68, 0x174f0000)
  to   space 32384K,   0% used [0x135b0000, 0x135b0000, 0x15550000)
 tenured generation   total 648464K, used 573552K [0x18d90000, 0x406d4000, 0x43840000)
   the space 648464K,  88% used [0x18d90000, 0x3bdac180, 0x3bdac200, 0x406d4000)
 compacting perm gen  total 12288K, used 12070K [0x43840000, 0x44440000, 0x47840000)
   the space 12288K,  98% used [0x43840000, 0x44409918, 0x44409a00, 0x44440000)
GC Heap History (10 events):
Event: 2534.991 GC heap before
{Heap before GC invocations=877 (full 7):
 def new generation   total 291904K, used 263147K [0x03840000, 0x174f0000, 0x18d90000)
  eden space 259520K, 100% used [0x03840000, 0x135b0000, 0x135b0000)
  from space 32384K,  11% used [0x135b0000, 0x1393aef0, 0x15550000)
  to   space 32384K,   0% used [0x15550000, 0x15550000, 0x174f0000)
 tenured generation   total 648464K, used 571947K [0x18d90000, 0x406d4000, 0x43840000)
   the space 648464K,  88% used [0x18d90000, 0x3bc1afb8, 0x3bc1b000, 0x406d4000)
 compacting perm gen  total 12288K, used 12070K [0x43840000, 0x44440000, 0x47840000)
   the space 12288K,  98% used [0x43840000, 0x44409918, 0x44409a00, 0x44440000)
No shared spaces configured.
Event: 2535.003 GC heap after
Heap after GC invocations=878 (full 7):
 def new generation   total 291904K, used 3607K [0x03840000, 0x174f0000, 0x18d90000)
  eden space 259520K,   0% used [0x03840000, 0x03840000, 0x135b0000)
  from space 32384K,  11% used [0x15550000, 0x158d5e38, 0x174f0000)
  to   space 32384K,   0% used [0x135b0000, 0x135b0000, 0x15550000)
 tenured generation   total 648464K, used 572037K [0x18d90000, 0x406d4000, 0x43840000)
   the space 648464K,  88% used [0x18d90000, 0x3bc31700, 0x3bc31800, 0x406d4000)
 compacting perm gen  total 12288K, used 12070K [0x43840000, 0x44440000, 0x47840000)
   the space 12288K,  98% used [0x43840000, 0x44409918, 0x44409a00, 0x44440000)
No shared spaces configured.
}
Event: 2537.303 GC heap before
{Heap before GC invocations=878 (full 7):
 def new generation   total 291904K, used 263127K [0x03840000, 0x174f0000, 0x18d90000)
  eden space 259520K, 100% used [0x03840000, 0x135b0000, 0x135b0000)
  from space 32384K,  11% used [0x15550000, 0x158d5e38, 0x174f0000)
  to   space 32384K,   0% used [0x135b0000, 0x135b0000, 0x15550000)
 tenured generation   total 648464K, used 572037K [0x18d90000, 0x406d4000, 0x43840000)
   the space 648464K,  88% used [0x18d90000, 0x3bc31700, 0x3bc31800, 0x406d4000)
 compacting perm gen  total 12288K, used 12070K [0x43840000, 0x44440000, 0x47840000)
   the space 12288K,  98% used [0x43840000, 0x44409918, 0x44409a00, 0x44440000)
No shared spaces configured.
Event: 2537.316 GC heap after
Heap after GC invocations=879 (full 7):
 def new generation   total 291904K, used 3616K [0x03840000, 0x174f0000, 0x18d90000)
  eden space 259520K,   0% used [0x03840000, 0x03840000, 0x135b0000)
  from space 32384K,  11% used [0x135b0000, 0x13938350, 0x15550000)
  to   space 32384K,   0% used [0x15550000, 0x15550000, 0x174f0000)
 tenured generation   total 648464K, used 572108K [0x18d90000, 0x406d4000, 0x43840000)
   the space 648464K,  88% used [0x18d90000, 0x3bc43308, 0x3bc43400, 0x406d4000)
 compacting perm gen  total 12288K, used 12070K [0x43840000, 0x44440000, 0x47840000)
   the space 12288K,  98% used [0x43840000, 0x44409918, 0x44409a00, 0x44440000)
No shared spaces configured.
}
Event: 2540.037 GC heap before
{Heap before GC invocations=879 (full 7):
 def new generation   total 291904K, used 263136K [0x03840000, 0x174f0000, 0x18d90000)
  eden space 259520K, 100% used [0x03840000, 0x135b0000, 0x135b0000)
  from space 32384K,  11% used [0x135b0000, 0x13938350, 0x15550000)
  to   space 32384K,   0% used [0x15550000, 0x15550000, 0x174f0000)
 tenured generation   total 648464K, used 572108K [0x18d90000, 0x406d4000, 0x43840000)
   the space 648464K,  88% used [0x18d90000, 0x3bc43308, 0x3bc43400, 0x406d4000)
 compacting perm gen  total 12288K, used 12070K [0x43840000, 0x44440000, 0x47840000)
   the space 12288K,  98% used [0x43840000, 0x44409918, 0x44409a00, 0x44440000)
No shared spaces configured.
Event: 2540.049 GC heap after
Heap after GC invocations=880 (full 7):
 def new generation   total 291904K, used 3616K [0x03840000, 0x174f0000, 0x18d90000)
  eden space 259520K,   0% used [0x03840000, 0x03840000, 0x135b0000)
  from space 32384K,  11% used [0x15550000, 0x158d8038, 0x174f0000)
  to   space 32384K,   0% used [0x135b0000, 0x135b0000, 0x15550000)
 tenured generation   total 648464K, used 572180K [0x18d90000, 0x406d4000, 0x43840000)
   the space 648464K,  88% used [0x18d90000, 0x3bc553b0, 0x3bc55400, 0x406d4000)
 compacting perm gen  total 12288K, used 12070K [0x43840000, 0x44440000, 0x47840000)
   the space 12288K,  98% used [0x43840000, 0x44409918, 0x44409a00, 0x44440000)
No shared spaces configured.
}
Event: 2542.355 GC heap before
{Heap before GC invocations=880 (full 7):
 def new generation   total 291904K, used 263136K [0x03840000, 0x174f0000, 0x18d90000)
  eden space 259520K, 100% used [0x03840000, 0x135b0000, 0x135b0000)
  from space 32384K,  11% used [0x15550000, 0x158d8038, 0x174f0000)
  to   space 32384K,   0% used [0x135b0000, 0x135b0000, 0x15550000)
 tenured generation   total 648464K, used 572180K [0x18d90000, 0x406d4000, 0x43840000)
   the space 648464K,  88% used [0x18d90000, 0x3bc553b0, 0x3bc55400, 0x406d4000)
 compacting perm gen  total 12288K, used 12070K [0x43840000, 0x44440000, 0x47840000)
   the space 12288K,  98% used [0x43840000, 0x44409918, 0x44409a00, 0x44440000)
No shared spaces configured.
Event: 2542.368 GC heap after
Heap after GC invocations=881 (full 7):
 def new generation   total 291904K, used 2402K [0x03840000, 0x174f0000, 0x18d90000)
  eden space 259520K,   0% used [0x03840000, 0x03840000, 0x135b0000)
  from space 32384K,   7% used [0x135b0000, 0x13808a98, 0x15550000)
  to   space 32384K,   0% used [0x15550000, 0x15550000, 0x174f0000)
 tenured generation   total 648464K, used 573468K [0x18d90000, 0x406d4000, 0x43840000)
   the space 648464K,  88% used [0x18d90000, 0x3bd97198, 0x3bd97200, 0x406d4000)
 compacting perm gen  total 12288K, used 12070K [0x43840000, 0x44440000, 0x47840000)
   the space 12288K,  98% used [0x43840000, 0x44409918, 0x44409a00, 0x44440000)
No shared spaces configured.
}
Event: 2544.936 GC heap before
{Heap before GC invocations=881 (full 7):
 def new generation   total 291904K, used 261922K [0x03840000, 0x174f0000, 0x18d90000)
  eden space 259520K, 100% used [0x03840000, 0x135b0000, 0x135b0000)
  from space 32384K,   7% used [0x135b0000, 0x13808a98, 0x15550000)
  to   space 32384K,   0% used [0x15550000, 0x15550000, 0x174f0000)
 tenured generation   total 648464K, used 573468K [0x18d90000, 0x406d4000, 0x43840000)
   the space 648464K,  88% used [0x18d90000, 0x3bd97198, 0x3bd97200, 0x406d4000)
 compacting perm gen  total 12288K, used 12070K [0x43840000, 0x44440000, 0x47840000)
   the space 12288K,  98% used [0x43840000, 0x44409918, 0x44409a00, 0x44440000)
No shared spaces configured.
Event: 2545.057 GC heap after
Heap after GC invocations=882 (full 7):
 def new generation   total 291904K, used 2459K [0x03840000, 0x174f0000, 0x18d90000)
  eden space 259520K,   0% used [0x03840000, 0x03840000, 0x135b0000)
  from space 32384K,   7% used [0x15550000, 0x157b6d68, 0x174f0000)
  to   space 32384K,   0% used [0x135b0000, 0x135b0000, 0x15550000)
 tenured generation   total 648464K, used 573552K [0x18d90000, 0x406d4000, 0x43840000)
   the space 648464K,  88% used [0x18d90000, 0x3bdac180, 0x3bdac200, 0x406d4000)
 compacting perm gen  total 12288K, used 12070K [0x43840000, 0x44440000, 0x47840000)
   the space 12288K,  98% used [0x43840000, 0x44409918, 0x44409a00, 0x44440000)
No shared spaces configured.
}

