# JRE version: Java(TM) SE Runtime Environment (7.0_51-b13) (build 1.7.0_51-b13)
# Java VM: Java HotSpot(TM) Client VM (24.51-b03 mixed mode windows-x86 )
Heap
 def new generation   total 4928K, used 4467K [0x03460000, 0x039b0000, 0x089b0000)
  eden space 4416K,  95% used [0x03460000, 0x03881ba8, 0x038b0000)
  from space 512K,  46% used [0x038b0000, 0x038eb340, 0x03930000)
  to   space 512K,   0% used [0x03930000, 0x03930000, 0x039b0000)
 tenured generation   total 10944K, used 2638K [0x089b0000, 0x09460000, 0x13460000)
   the space 10944K,  24% used [0x089b0000, 0x08c43ba8, 0x08c43c00, 0x09460000)
 compacting perm gen  total 12288K, used 10017K [0x13460000, 0x14060000, 0x17460000)
   the space 12288K,  81% used [0x13460000, 0x13e285e8, 0x13e28600, 0x14060000)
GC Heap History (10 events):
Event: 1.994 GC heap before
{Heap before GC invocations=5 (full 0):
 def new generation   total 4928K, used 4562K [0x03460000, 0x039b0000, 0x089b0000)
  eden space 4416K, 100% used [0x03460000, 0x038b0000, 0x038b0000)
  from space 512K,  28% used [0x03930000, 0x03954848, 0x039b0000)
  to   space 512K,   0% used [0x038b0000, 0x038b0000, 0x03930000)
 tenured generation   total 10944K, used 2540K [0x089b0000, 0x09460000, 0x13460000)
   the space 10944K,  23% used [0x089b0000, 0x08c2b080, 0x08c2b200, 0x09460000)
 compacting perm gen  total 12288K, used 9439K [0x13460000, 0x14060000, 0x17460000)
   the space 12288K,  76% used [0x13460000, 0x13d97c90, 0x13d97e00, 0x14060000)
No shared spaces configured.
Event: 1.996 GC heap after
Heap after GC invocations=6 (full 0):
 def new generation   total 4928K, used 202K [0x03460000, 0x039b0000, 0x089b0000)
  eden space 4416K,   0% used [0x03460000, 0x03460000, 0x038b0000)
  from space 512K,  39% used [0x038b0000, 0x038e2930, 0x03930000)
  to   space 512K,   0% used [0x03930000, 0x03930000, 0x039b0000)
 tenured generation   total 10944K, used 2540K [0x089b0000, 0x09460000, 0x13460000)
   the space 10944K,  23% used [0x089b0000, 0x08c2b080, 0x08c2b200, 0x09460000)
 compacting perm gen  total 12288K, used 9439K [0x13460000, 0x14060000, 0x17460000)
   the space 12288K,  76% used [0x13460000, 0x13d97c90, 0x13d97e00, 0x14060000)
No shared spaces configured.
}
Event: 2.003 GC heap before
{Heap before GC invocations=6 (full 0):
 def new generation   total 4928K, used 4618K [0x03460000, 0x039b0000, 0x089b0000)
  eden space 4416K, 100% used [0x03460000, 0x038b0000, 0x038b0000)
  from space 512K,  39% used [0x038b0000, 0x038e2930, 0x03930000)
  to   space 512K,   0% used [0x03930000, 0x03930000, 0x039b0000)
 tenured generation   total 10944K, used 2540K [0x089b0000, 0x09460000, 0x13460000)
   the space 10944K,  23% used [0x089b0000, 0x08c2b080, 0x08c2b200, 0x09460000)
 compacting perm gen  total 12288K, used 9460K [0x13460000, 0x14060000, 0x17460000)
   the space 12288K,  76% used [0x13460000, 0x13d9d170, 0x13d9d200, 0x14060000)
No shared spaces configured.
Event: 2.005 GC heap after
Heap after GC invocations=7 (full 0):
 def new generation   total 4928K, used 179K [0x03460000, 0x039b0000, 0x089b0000)
  eden space 4416K,   0% used [0x03460000, 0x03460000, 0x038b0000)
  from space 512K,  35% used [0x03930000, 0x0395ce58, 0x039b0000)
  to   space 512K,   0% used [0x038b0000, 0x038b0000, 0x03930000)
 tenured generation   total 10944K, used 2540K [0x089b0000, 0x09460000, 0x13460000)
   the space 10944K,  23% used [0x089b0000, 0x08c2b080, 0x08c2b200, 0x09460000)
 compacting perm gen  total 12288K, used 9460K [0x13460000, 0x14060000, 0x17460000)
   the space 12288K,  76% used [0x13460000, 0x13d9d170, 0x13d9d200, 0x14060000)
No shared spaces configured.
}
Event: 2.089 GC heap before
{Heap before GC invocations=7 (full 0):
 def new generation   total 4928K, used 4595K [0x03460000, 0x039b0000, 0x089b0000)
  eden space 4416K, 100% used [0x03460000, 0x038b0000, 0x038b0000)
  from space 512K,  35% used [0x03930000, 0x0395ce58, 0x039b0000)
  to   space 512K,   0% used [0x038b0000, 0x038b0000, 0x03930000)
 tenured generation   total 10944K, used 2540K [0x089b0000, 0x09460000, 0x13460000)
   the space 10944K,  23% used [0x089b0000, 0x08c2b080, 0x08c2b200, 0x09460000)
 compacting perm gen  total 12288K, used 9575K [0x13460000, 0x14060000, 0x17460000)
   the space 12288K,  77% used [0x13460000, 0x13db9c78, 0x13db9e00, 0x14060000)
No shared spaces configured.
Event: 2.092 GC heap after
Heap after GC invocations=8 (full 0):
 def new generation   total 4928K, used 263K [0x03460000, 0x039b0000, 0x089b0000)
  eden space 4416K,   0% used [0x03460000, 0x03460000, 0x038b0000)
  from space 512K,  51% used [0x038b0000, 0x038f1d40, 0x03930000)
  to   space 512K,   0% used [0x03930000, 0x03930000, 0x039b0000)
 tenured generation   total 10944K, used 2540K [0x089b0000, 0x09460000, 0x13460000)
   the space 10944K,  23% used [0x089b0000, 0x08c2b080, 0x08c2b200, 0x09460000)
 compacting perm gen  total 12288K, used 9575K [0x13460000, 0x14060000, 0x17460000)
   the space 12288K,  77% used [0x13460000, 0x13db9c78, 0x13db9e00, 0x14060000)
No shared spaces configured.
}
Event: 2.771 GC heap before
{Heap before GC invocations=8 (full 0):
 def new generation   total 4928K, used 4679K [0x03460000, 0x039b0000, 0x089b0000)
  eden space 4416K, 100% used [0x03460000, 0x038b0000, 0x038b0000)
  from space 512K,  51% used [0x038b0000, 0x038f1d40, 0x03930000)
  to   space 512K,   0% used [0x03930000, 0x03930000, 0x039b0000)
 tenured generation   total 10944K, used 2540K [0x089b0000, 0x09460000, 0x13460000)
   the space 10944K,  23% used [0x089b0000, 0x08c2b080, 0x08c2b200, 0x09460000)
 compacting perm gen  total 12288K, used 9642K [0x13460000, 0x14060000, 0x17460000)
   the space 12288K,  78% used [0x13460000, 0x13dcaa90, 0x13dcac00, 0x14060000)
No shared spaces configured.
Event: 2.774 GC heap after
Heap after GC invocations=9 (full 0):
 def new generation   total 4928K, used 210K [0x03460000, 0x039b0000, 0x089b0000)
  eden space 4416K,   0% used [0x03460000, 0x03460000, 0x038b0000)
  from space 512K,  41% used [0x03930000, 0x03964a80, 0x039b0000)
  to   space 512K,   0% used [0x038b0000, 0x038b0000, 0x03930000)
 tenured generation   total 10944K, used 2638K [0x089b0000, 0x09460000, 0x13460000)
   the space 10944K,  24% used [0x089b0000, 0x08c43ba8, 0x08c43c00, 0x09460000)
 compacting perm gen  total 12288K, used 9642K [0x13460000, 0x14060000, 0x17460000)
   the space 12288K,  78% used [0x13460000, 0x13dcaa90, 0x13dcac00, 0x14060000)
No shared spaces configured.
}
Event: 3.525 GC heap before
{Heap before GC invocations=9 (full 0):
 def new generation   total 4928K, used 4626K [0x03460000, 0x039b0000, 0x089b0000)
  eden space 4416K, 100% used [0x03460000, 0x038b0000, 0x038b0000)
  from space 512K,  41% used [0x03930000, 0x03964a80, 0x039b0000)
  to   space 512K,   0% used [0x038b0000, 0x038b0000, 0x03930000)
 tenured generation   total 10944K, used 2638K [0x089b0000, 0x09460000, 0x13460000)
   the space 10944K,  24% used [0x089b0000, 0x08c43ba8, 0x08c43c00, 0x09460000)
 compacting perm gen  total 12288K, used 9652K [0x13460000, 0x14060000, 0x17460000)
   the space 12288K,  78% used [0x13460000, 0x13dcd330, 0x13dcd400, 0x14060000)
No shared spaces configured.
Event: 3.527 GC heap after
Heap after GC invocations=10 (full 0):
 def new generation   total 4928K, used 236K [0x03460000, 0x039b0000, 0x089b0000)
  eden space 4416K,   0% used [0x03460000, 0x03460000, 0x038b0000)
  from space 512K,  46% used [0x038b0000, 0x038eb340, 0x03930000)
  to   space 512K,   0% used [0x03930000, 0x03930000, 0x039b0000)
 tenured generation   total 10944K, used 2638K [0x089b0000, 0x09460000, 0x13460000)
   the space 10944K,  24% used [0x089b0000, 0x08c43ba8, 0x08c43c00, 0x09460000)
 compacting perm gen  total 12288K, used 9652K [0x13460000, 0x14060000, 0x17460000)
   the space 12288K,  78% used [0x13460000, 0x13dcd330, 0x13dcd400, 0x14060000)
No shared spaces configured.
}

