# JRE version: Java(TM) SE Runtime Environment (7.0_51-b13) (build 1.7.0_51-b13)
# Java VM: Java HotSpot(TM) Client VM (24.51-b03 mixed mode windows-x86 )
Heap
 def new generation   total 243008K, used 212460K [0x03990000, 0x14130000, 0x18ee0000)
  eden space 216064K,  96% used [0x03990000, 0x1061a780, 0x10c90000)
  from space 26944K,  11% used [0x126e0000, 0x129d0b48, 0x14130000)
  to   space 26944K,   0% used [0x10c90000, 0x10c90000, 0x126e0000)
 tenured generation   total 539836K, used 487523K [0x18ee0000, 0x39e0f000, 0x43990000)
   the space 539836K,  90% used [0x18ee0000, 0x36af8c10, 0x36af8e00, 0x39e0f000)
 compacting perm gen  total 12288K, used 12041K [0x43990000, 0x44590000, 0x47990000)
   the space 12288K,  97% used [0x43990000, 0x445525c8, 0x44552600, 0x44590000)
GC Heap History (10 events):
Event: 2511.422 GC heap before
{Heap before GC invocations=1324 (full 9):
 def new generation   total 243008K, used 217852K [0x03990000, 0x14130000, 0x18ee0000)
  eden space 216064K, 100% used [0x03990000, 0x10c90000, 0x10c90000)
  from space 26944K,   6% used [0x10c90000, 0x10e4f0c8, 0x126e0000)
  to   space 26944K,   0% used [0x126e0000, 0x126e0000, 0x14130000)
 tenured generation   total 539836K, used 486943K [0x18ee0000, 0x39e0f000, 0x43990000)
   the space 539836K,  90% used [0x18ee0000, 0x36a67fb0, 0x36a68000, 0x39e0f000)
 compacting perm gen  total 12288K, used 12041K [0x43990000, 0x44590000, 0x47990000)
   the space 12288K,  97% used [0x43990000, 0x445525c8, 0x44552600, 0x44590000)
No shared spaces configured.
Event: 2511.433 GC heap after
Heap after GC invocations=1325 (full 9):
 def new generation   total 243008K, used 1792K [0x03990000, 0x14130000, 0x18ee0000)
  eden space 216064K,   0% used [0x03990000, 0x03990000, 0x10c90000)
  from space 26944K,   6% used [0x126e0000, 0x128a01f0, 0x14130000)
  to   space 26944K,   0% used [0x10c90000, 0x10c90000, 0x126e0000)
 tenured generation   total 539836K, used 487060K [0x18ee0000, 0x39e0f000, 0x43990000)
   the space 539836K,  90% used [0x18ee0000, 0x36a851a0, 0x36a85200, 0x39e0f000)
 compacting perm gen  total 12288K, used 12041K [0x43990000, 0x44590000, 0x47990000)
   the space 12288K,  97% used [0x43990000, 0x445525c8, 0x44552600, 0x44590000)
No shared spaces configured.
}
Event: 2513.353 GC heap before
{Heap before GC invocations=1325 (full 9):
 def new generation   total 243008K, used 217856K [0x03990000, 0x14130000, 0x18ee0000)
  eden space 216064K, 100% used [0x03990000, 0x10c90000, 0x10c90000)
  from space 26944K,   6% used [0x126e0000, 0x128a01f0, 0x14130000)
  to   space 26944K,   0% used [0x10c90000, 0x10c90000, 0x126e0000)
 tenured generation   total 539836K, used 487060K [0x18ee0000, 0x39e0f000, 0x43990000)
   the space 539836K,  90% used [0x18ee0000, 0x36a851a0, 0x36a85200, 0x39e0f000)
 compacting perm gen  total 12288K, used 12041K [0x43990000, 0x44590000, 0x47990000)
   the space 12288K,  97% used [0x43990000, 0x445525c8, 0x44552600, 0x44590000)
No shared spaces configured.
Event: 2513.365 GC heap after
Heap after GC invocations=1326 (full 9):
 def new generation   total 243008K, used 3021K [0x03990000, 0x14130000, 0x18ee0000)
  eden space 216064K,   0% used [0x03990000, 0x03990000, 0x10c90000)
  from space 26944K,  11% used [0x10c90000, 0x10f83718, 0x126e0000)
  to   space 26944K,   0% used [0x126e0000, 0x126e0000, 0x14130000)
 tenured generation   total 539836K, used 487176K [0x18ee0000, 0x39e0f000, 0x43990000)
   the space 539836K,  90% used [0x18ee0000, 0x36aa2390, 0x36aa2400, 0x39e0f000)
 compacting perm gen  total 12288K, used 12041K [0x43990000, 0x44590000, 0x47990000)
   the space 12288K,  97% used [0x43990000, 0x445525c8, 0x44552600, 0x44590000)
No shared spaces configured.
}
Event: 2515.284 GC heap before
{Heap before GC invocations=1326 (full 9):
 def new generation   total 243008K, used 219085K [0x03990000, 0x14130000, 0x18ee0000)
  eden space 216064K, 100% used [0x03990000, 0x10c90000, 0x10c90000)
  from space 26944K,  11% used [0x10c90000, 0x10f83718, 0x126e0000)
  to   space 26944K,   0% used [0x126e0000, 0x126e0000, 0x14130000)
 tenured generation   total 539836K, used 487176K [0x18ee0000, 0x39e0f000, 0x43990000)
   the space 539836K,  90% used [0x18ee0000, 0x36aa2390, 0x36aa2400, 0x39e0f000)
 compacting perm gen  total 12288K, used 12041K [0x43990000, 0x44590000, 0x47990000)
   the space 12288K,  97% used [0x43990000, 0x445525c8, 0x44552600, 0x44590000)
No shared spaces configured.
Event: 2515.296 GC heap after
Heap after GC invocations=1327 (full 9):
 def new generation   total 243008K, used 3016K [0x03990000, 0x14130000, 0x18ee0000)
  eden space 216064K,   0% used [0x03990000, 0x03990000, 0x10c90000)
  from space 26944K,  11% used [0x126e0000, 0x129d2158, 0x14130000)
  to   space 26944K,   0% used [0x10c90000, 0x10c90000, 0x126e0000)
 tenured generation   total 539836K, used 487293K [0x18ee0000, 0x39e0f000, 0x43990000)
   the space 539836K,  90% used [0x18ee0000, 0x36abf580, 0x36abf600, 0x39e0f000)
 compacting perm gen  total 12288K, used 12041K [0x43990000, 0x44590000, 0x47990000)
   the space 12288K,  97% used [0x43990000, 0x445525c8, 0x44552600, 0x44590000)
No shared spaces configured.
}
Event: 2517.227 GC heap before
{Heap before GC invocations=1327 (full 9):
 def new generation   total 243008K, used 219080K [0x03990000, 0x14130000, 0x18ee0000)
  eden space 216064K, 100% used [0x03990000, 0x10c90000, 0x10c90000)
  from space 26944K,  11% used [0x126e0000, 0x129d2158, 0x14130000)
  to   space 26944K,   0% used [0x10c90000, 0x10c90000, 0x126e0000)
 tenured generation   total 539836K, used 487293K [0x18ee0000, 0x39e0f000, 0x43990000)
   the space 539836K,  90% used [0x18ee0000, 0x36abf580, 0x36abf600, 0x39e0f000)
 compacting perm gen  total 12288K, used 12041K [0x43990000, 0x44590000, 0x47990000)
   the space 12288K,  97% used [0x43990000, 0x445525c8, 0x44552600, 0x44590000)
No shared spaces configured.
Event: 2517.239 GC heap after
Heap after GC invocations=1328 (full 9):
 def new generation   total 243008K, used 3014K [0x03990000, 0x14130000, 0x18ee0000)
  eden space 216064K,   0% used [0x03990000, 0x03990000, 0x10c90000)
  from space 26944K,  11% used [0x10c90000, 0x10f81b90, 0x126e0000)
  to   space 26944K,   0% used [0x126e0000, 0x126e0000, 0x14130000)
 tenured generation   total 539836K, used 487406K [0x18ee0000, 0x39e0f000, 0x43990000)
   the space 539836K,  90% used [0x18ee0000, 0x36adba20, 0x36adbc00, 0x39e0f000)
 compacting perm gen  total 12288K, used 12041K [0x43990000, 0x44590000, 0x47990000)
   the space 12288K,  97% used [0x43990000, 0x445525c8, 0x44552600, 0x44590000)
No shared spaces configured.
}
Event: 2519.244 GC heap before
{Heap before GC invocations=1328 (full 9):
 def new generation   total 243008K, used 219078K [0x03990000, 0x14130000, 0x18ee0000)
  eden space 216064K, 100% used [0x03990000, 0x10c90000, 0x10c90000)
  from space 26944K,  11% used [0x10c90000, 0x10f81b90, 0x126e0000)
  to   space 26944K,   0% used [0x126e0000, 0x126e0000, 0x14130000)
 tenured generation   total 539836K, used 487406K [0x18ee0000, 0x39e0f000, 0x43990000)
   the space 539836K,  90% used [0x18ee0000, 0x36adba20, 0x36adbc00, 0x39e0f000)
 compacting perm gen  total 12288K, used 12041K [0x43990000, 0x44590000, 0x47990000)
   the space 12288K,  97% used [0x43990000, 0x445525c8, 0x44552600, 0x44590000)
No shared spaces configured.
Event: 2519.258 GC heap after
Heap after GC invocations=1329 (full 9):
 def new generation   total 243008K, used 3010K [0x03990000, 0x14130000, 0x18ee0000)
  eden space 216064K,   0% used [0x03990000, 0x03990000, 0x10c90000)
  from space 26944K,  11% used [0x126e0000, 0x129d0b48, 0x14130000)
  to   space 26944K,   0% used [0x10c90000, 0x10c90000, 0x126e0000)
 tenured generation   total 539836K, used 487523K [0x18ee0000, 0x39e0f000, 0x43990000)
   the space 539836K,  90% used [0x18ee0000, 0x36af8c10, 0x36af8e00, 0x39e0f000)
 compacting perm gen  total 12288K, used 12041K [0x43990000, 0x44590000, 0x47990000)
   the space 12288K,  97% used [0x43990000, 0x445525c8, 0x44552600, 0x44590000)
No shared spaces configured.
}

