# JRE version: Java(TM) SE Runtime Environment (7.0_51-b13) (build 1.7.0_51-b13)
# Java VM: Java HotSpot(TM) Client VM (24.51-b03 mixed mode windows-x86 )
Heap
 def new generation   total 281472K, used 227443K [0x03990000, 0x16af0000, 0x18ee0000)
  eden space 250240K,  88% used [0x03990000, 0x111d1890, 0x12df0000)
  from space 31232K,  19% used [0x14c70000, 0x1524b680, 0x16af0000)
  to   space 31232K,   0% used [0x12df0000, 0x12df0000, 0x14c70000)
 tenured generation   total 625376K, used 564955K [0x18ee0000, 0x3f198000, 0x43990000)
   the space 625376K,  90% used [0x18ee0000, 0x3b696f30, 0x3b697000, 0x3f198000)
 compacting perm gen  total 12288K, used 12062K [0x43990000, 0x44590000, 0x47990000)
   the space 12288K,  98% used [0x43990000, 0x445579b8, 0x44557a00, 0x44590000)
GC Heap History (10 events):
Event: 3294.816 GC heap before
{Heap before GC invocations=1096 (full 7):
 def new generation   total 281472K, used 257444K [0x03990000, 0x16af0000, 0x18ee0000)
  eden space 250240K, 100% used [0x03990000, 0x12df0000, 0x12df0000)
  from space 31232K,  23% used [0x12df0000, 0x134f92c0, 0x14c70000)
  to   space 31232K,   0% used [0x14c70000, 0x14c70000, 0x16af0000)
 tenured generation   total 625376K, used 562160K [0x18ee0000, 0x3f198000, 0x43990000)
   the space 625376K,  89% used [0x18ee0000, 0x3b3dc128, 0x3b3dc200, 0x3f198000)
 compacting perm gen  total 12288K, used 12062K [0x43990000, 0x44590000, 0x47990000)
   the space 12288K,  98% used [0x43990000, 0x445579b8, 0x44557a00, 0x44590000)
No shared spaces configured.
Event: 3294.831 GC heap after
Heap after GC invocations=1097 (full 7):
 def new generation   total 281472K, used 5999K [0x03990000, 0x16af0000, 0x18ee0000)
  eden space 250240K,   0% used [0x03990000, 0x03990000, 0x12df0000)
  from space 31232K,  19% used [0x14c70000, 0x1524bce8, 0x16af0000)
  to   space 31232K,   0% used [0x12df0000, 0x12df0000, 0x14c70000)
 tenured generation   total 625376K, used 563444K [0x18ee0000, 0x3f198000, 0x43990000)
   the space 625376K,  90% used [0x18ee0000, 0x3b51d378, 0x3b51d400, 0x3f198000)
 compacting perm gen  total 12288K, used 12062K [0x43990000, 0x44590000, 0x47990000)
   the space 12288K,  98% used [0x43990000, 0x445579b8, 0x44557a00, 0x44590000)
No shared spaces configured.
}
Event: 3296.982 GC heap before
{Heap before GC invocations=1097 (full 7):
 def new generation   total 281472K, used 256239K [0x03990000, 0x16af0000, 0x18ee0000)
  eden space 250240K, 100% used [0x03990000, 0x12df0000, 0x12df0000)
  from space 31232K,  19% used [0x14c70000, 0x1524bce8, 0x16af0000)
  to   space 31232K,   0% used [0x12df0000, 0x12df0000, 0x14c70000)
 tenured generation   total 625376K, used 563444K [0x18ee0000, 0x3f198000, 0x43990000)
   the space 625376K,  90% used [0x18ee0000, 0x3b51d378, 0x3b51d400, 0x3f198000)
 compacting perm gen  total 12288K, used 12062K [0x43990000, 0x44590000, 0x47990000)
   the space 12288K,  98% used [0x43990000, 0x445579b8, 0x44557a00, 0x44590000)
No shared spaces configured.
Event: 3296.995 GC heap after
Heap after GC invocations=1098 (full 7):
 def new generation   total 281472K, used 5999K [0x03990000, 0x16af0000, 0x18ee0000)
  eden space 250240K,   0% used [0x03990000, 0x03990000, 0x12df0000)
  from space 31232K,  19% used [0x12df0000, 0x133cbd70, 0x14c70000)
  to   space 31232K,   0% used [0x14c70000, 0x14c70000, 0x16af0000)
 tenured generation   total 625376K, used 563518K [0x18ee0000, 0x3f198000, 0x43990000)
   the space 625376K,  90% used [0x18ee0000, 0x3b52f858, 0x3b52fa00, 0x3f198000)
 compacting perm gen  total 12288K, used 12062K [0x43990000, 0x44590000, 0x47990000)
   the space 12288K,  98% used [0x43990000, 0x445579b8, 0x44557a00, 0x44590000)
No shared spaces configured.
}
Event: 3299.144 GC heap before
{Heap before GC invocations=1098 (full 7):
 def new generation   total 281472K, used 256239K [0x03990000, 0x16af0000, 0x18ee0000)
  eden space 250240K, 100% used [0x03990000, 0x12df0000, 0x12df0000)
  from space 31232K,  19% used [0x12df0000, 0x133cbd70, 0x14c70000)
  to   space 31232K,   0% used [0x14c70000, 0x14c70000, 0x16af0000)
 tenured generation   total 625376K, used 563518K [0x18ee0000, 0x3f198000, 0x43990000)
   the space 625376K,  90% used [0x18ee0000, 0x3b52f858, 0x3b52fa00, 0x3f198000)
 compacting perm gen  total 12288K, used 12062K [0x43990000, 0x44590000, 0x47990000)
   the space 12288K,  98% used [0x43990000, 0x445579b8, 0x44557a00, 0x44590000)
No shared spaces configured.
Event: 3299.157 GC heap after
Heap after GC invocations=1099 (full 7):
 def new generation   total 281472K, used 5989K [0x03990000, 0x16af0000, 0x18ee0000)
  eden space 250240K,   0% used [0x03990000, 0x03990000, 0x12df0000)
  from space 31232K,  19% used [0x14c70000, 0x15249400, 0x16af0000)
  to   space 31232K,   0% used [0x12df0000, 0x12df0000, 0x14c70000)
 tenured generation   total 625376K, used 563593K [0x18ee0000, 0x3f198000, 0x43990000)
   the space 625376K,  90% used [0x18ee0000, 0x3b542620, 0x3b542800, 0x3f198000)
 compacting perm gen  total 12288K, used 12062K [0x43990000, 0x44590000, 0x47990000)
   the space 12288K,  98% used [0x43990000, 0x445579b8, 0x44557a00, 0x44590000)
No shared spaces configured.
}
Event: 3301.310 GC heap before
{Heap before GC invocations=1099 (full 7):
 def new generation   total 281472K, used 256229K [0x03990000, 0x16af0000, 0x18ee0000)
  eden space 250240K, 100% used [0x03990000, 0x12df0000, 0x12df0000)
  from space 31232K,  19% used [0x14c70000, 0x15249400, 0x16af0000)
  to   space 31232K,   0% used [0x12df0000, 0x12df0000, 0x14c70000)
 tenured generation   total 625376K, used 563593K [0x18ee0000, 0x3f198000, 0x43990000)
   the space 625376K,  90% used [0x18ee0000, 0x3b542620, 0x3b542800, 0x3f198000)
 compacting perm gen  total 12288K, used 12062K [0x43990000, 0x44590000, 0x47990000)
   the space 12288K,  98% used [0x43990000, 0x445579b8, 0x44557a00, 0x44590000)
No shared spaces configured.
Event: 3301.323 GC heap after
Heap after GC invocations=1100 (full 7):
 def new generation   total 281472K, used 7187K [0x03990000, 0x16af0000, 0x18ee0000)
  eden space 250240K,   0% used [0x03990000, 0x03990000, 0x12df0000)
  from space 31232K,  23% used [0x12df0000, 0x134f4e70, 0x14c70000)
  to   space 31232K,   0% used [0x14c70000, 0x14c70000, 0x16af0000)
 tenured generation   total 625376K, used 563667K [0x18ee0000, 0x3f198000, 0x43990000)
   the space 625376K,  90% used [0x18ee0000, 0x3b554f70, 0x3b555000, 0x3f198000)
 compacting perm gen  total 12288K, used 12062K [0x43990000, 0x44590000, 0x47990000)
   the space 12288K,  98% used [0x43990000, 0x445579b8, 0x44557a00, 0x44590000)
No shared spaces configured.
}
Event: 3303.617 GC heap before
{Heap before GC invocations=1100 (full 7):
 def new generation   total 281472K, used 257427K [0x03990000, 0x16af0000, 0x18ee0000)
  eden space 250240K, 100% used [0x03990000, 0x12df0000, 0x12df0000)
  from space 31232K,  23% used [0x12df0000, 0x134f4e70, 0x14c70000)
  to   space 31232K,   0% used [0x14c70000, 0x14c70000, 0x16af0000)
 tenured generation   total 625376K, used 563667K [0x18ee0000, 0x3f198000, 0x43990000)
   the space 625376K,  90% used [0x18ee0000, 0x3b554f70, 0x3b555000, 0x3f198000)
 compacting perm gen  total 12288K, used 12062K [0x43990000, 0x44590000, 0x47990000)
   the space 12288K,  98% used [0x43990000, 0x445579b8, 0x44557a00, 0x44590000)
No shared spaces configured.
Event: 3303.636 GC heap after
Heap after GC invocations=1101 (full 7):
 def new generation   total 281472K, used 5997K [0x03990000, 0x16af0000, 0x18ee0000)
  eden space 250240K,   0% used [0x03990000, 0x03990000, 0x12df0000)
  from space 31232K,  19% used [0x14c70000, 0x1524b680, 0x16af0000)
  to   space 31232K,   0% used [0x12df0000, 0x12df0000, 0x14c70000)
 tenured generation   total 625376K, used 564955K [0x18ee0000, 0x3f198000, 0x43990000)
   the space 625376K,  90% used [0x18ee0000, 0x3b696f30, 0x3b697000, 0x3f198000)
 compacting perm gen  total 12288K, used 12062K [0x43990000, 0x44590000, 0x47990000)
   the space 12288K,  98% used [0x43990000, 0x445579b8, 0x44557a00, 0x44590000)
No shared spaces configured.
}

