# JRE version: Java(TM) SE Runtime Environment (7.0_51-b13) (build 1.7.0_51-b13)
# Java VM: Java HotSpot(TM) Client VM (24.51-b03 mixed mode windows-x86 )
Heap
 def new generation   total 314560K, used 130114K [0x038a0000, 0x18df0000, 0x18df0000)
  eden space 279616K,  44% used [0x038a0000, 0x0b11bb18, 0x149b0000)
  from space 34944K,  19% used [0x149b0000, 0x150450c8, 0x16bd0000)
  to   space 34944K,   0% used [0x16bd0000, 0x16bd0000, 0x18df0000)
 tenured generation   total 699072K, used 692614K [0x18df0000, 0x438a0000, 0x438a0000)
   the space 699072K,  99% used [0x18df0000, 0x43251a68, 0x43251c00, 0x438a0000)
 compacting perm gen  total 12288K, used 12248K [0x438a0000, 0x444a0000, 0x478a0000)
   the space 12288K,  99% used [0x438a0000, 0x44496308, 0x44496400, 0x444a0000)
GC Heap History (10 events):
Event: 3699.806 GC heap before
{Heap before GC invocations=1563 (full 9):
 def new generation   total 314560K, used 283720K [0x038a0000, 0x18df0000, 0x18df0000)
  eden space 279616K, 100% used [0x038a0000, 0x149b0000, 0x149b0000)
  from space 34944K,  11% used [0x16bd0000, 0x16fd20a0, 0x18df0000)
  to   space 34944K,   0% used [0x149b0000, 0x149b0000, 0x16bd0000)
 tenured generation   total 699072K, used 692063K [0x18df0000, 0x438a0000, 0x438a0000)
   the space 699072K,  98% used [0x18df0000, 0x431c7c98, 0x431c7e00, 0x438a0000)
 compacting perm gen  total 12288K, used 12248K [0x438a0000, 0x444a0000, 0x478a0000)
   the space 12288K,  99% used [0x438a0000, 0x44496308, 0x44496400, 0x444a0000)
No shared spaces configured.
Event: 3699.820 GC heap after
Heap after GC invocations=1564 (full 9):
 def new generation   total 314560K, used 4107K [0x038a0000, 0x18df0000, 0x18df0000)
  eden space 279616K,   0% used [0x038a0000, 0x038a0000, 0x149b0000)
  from space 34944K,  11% used [0x149b0000, 0x14db2e50, 0x16bd0000)
  to   space 34944K,   0% used [0x16bd0000, 0x16bd0000, 0x18df0000)
 tenured generation   total 699072K, used 692169K [0x18df0000, 0x438a0000, 0x438a0000)
   the space 699072K,  99% used [0x18df0000, 0x431e2698, 0x431e2800, 0x438a0000)
 compacting perm gen  total 12288K, used 12248K [0x438a0000, 0x444a0000, 0x478a0000)
   the space 12288K,  99% used [0x438a0000, 0x44496308, 0x44496400, 0x444a0000)
No shared spaces configured.
}
Event: 3701.571 GC heap before
{Heap before GC invocations=1564 (full 9):
 def new generation   total 314560K, used 283723K [0x038a0000, 0x18df0000, 0x18df0000)
  eden space 279616K, 100% used [0x038a0000, 0x149b0000, 0x149b0000)
  from space 34944K,  11% used [0x149b0000, 0x14db2e50, 0x16bd0000)
  to   space 34944K,   0% used [0x16bd0000, 0x16bd0000, 0x18df0000)
 tenured generation   total 699072K, used 692169K [0x18df0000, 0x438a0000, 0x438a0000)
   the space 699072K,  99% used [0x18df0000, 0x431e2698, 0x431e2800, 0x438a0000)
 compacting perm gen  total 12288K, used 12248K [0x438a0000, 0x444a0000, 0x478a0000)
   the space 12288K,  99% used [0x438a0000, 0x44496308, 0x44496400, 0x444a0000)
No shared spaces configured.
Event: 3701.586 GC heap after
Heap after GC invocations=1565 (full 9):
 def new generation   total 314560K, used 4088K [0x038a0000, 0x18df0000, 0x18df0000)
  eden space 279616K,   0% used [0x038a0000, 0x038a0000, 0x149b0000)
  from space 34944K,  11% used [0x16bd0000, 0x16fce090, 0x18df0000)
  to   space 34944K,   0% used [0x149b0000, 0x149b0000, 0x16bd0000)
 tenured generation   total 699072K, used 692282K [0x18df0000, 0x438a0000, 0x438a0000)
   the space 699072K,  99% used [0x18df0000, 0x431feb38, 0x431fec00, 0x438a0000)
 compacting perm gen  total 12288K, used 12248K [0x438a0000, 0x444a0000, 0x478a0000)
   the space 12288K,  99% used [0x438a0000, 0x44496308, 0x44496400, 0x444a0000)
No shared spaces configured.
}
Event: 3703.393 GC heap before
{Heap before GC invocations=1565 (full 9):
 def new generation   total 314560K, used 283704K [0x038a0000, 0x18df0000, 0x18df0000)
  eden space 279616K, 100% used [0x038a0000, 0x149b0000, 0x149b0000)
  from space 34944K,  11% used [0x16bd0000, 0x16fce090, 0x18df0000)
  to   space 34944K,   0% used [0x149b0000, 0x149b0000, 0x16bd0000)
 tenured generation   total 699072K, used 692282K [0x18df0000, 0x438a0000, 0x438a0000)
   the space 699072K,  99% used [0x18df0000, 0x431feb38, 0x431fec00, 0x438a0000)
 compacting perm gen  total 12288K, used 12248K [0x438a0000, 0x444a0000, 0x478a0000)
   the space 12288K,  99% used [0x438a0000, 0x44496308, 0x44496400, 0x444a0000)
No shared spaces configured.
Event: 3703.407 GC heap after
Heap after GC invocations=1566 (full 9):
 def new generation   total 314560K, used 4084K [0x038a0000, 0x18df0000, 0x18df0000)
  eden space 279616K,   0% used [0x038a0000, 0x038a0000, 0x149b0000)
  from space 34944K,  11% used [0x149b0000, 0x14dad010, 0x16bd0000)
  to   space 34944K,   0% used [0x16bd0000, 0x16bd0000, 0x18df0000)
 tenured generation   total 699072K, used 692392K [0x18df0000, 0x438a0000, 0x438a0000)
   the space 699072K,  99% used [0x18df0000, 0x4321a288, 0x4321a400, 0x438a0000)
 compacting perm gen  total 12288K, used 12248K [0x438a0000, 0x444a0000, 0x478a0000)
   the space 12288K,  99% used [0x438a0000, 0x44496308, 0x44496400, 0x444a0000)
No shared spaces configured.
}
Event: 3705.432 GC heap before
{Heap before GC invocations=1566 (full 9):
 def new generation   total 314560K, used 283700K [0x038a0000, 0x18df0000, 0x18df0000)
  eden space 279616K, 100% used [0x038a0000, 0x149b0000, 0x149b0000)
  from space 34944K,  11% used [0x149b0000, 0x14dad010, 0x16bd0000)
  to   space 34944K,   0% used [0x16bd0000, 0x16bd0000, 0x18df0000)
 tenured generation   total 699072K, used 692392K [0x18df0000, 0x438a0000, 0x438a0000)
   the space 699072K,  99% used [0x18df0000, 0x4321a288, 0x4321a400, 0x438a0000)
 compacting perm gen  total 12288K, used 12248K [0x438a0000, 0x444a0000, 0x478a0000)
   the space 12288K,  99% used [0x438a0000, 0x44496308, 0x44496400, 0x444a0000)
No shared spaces configured.
Event: 3705.447 GC heap after
Heap after GC invocations=1567 (full 9):
 def new generation   total 314560K, used 6484K [0x038a0000, 0x18df0000, 0x18df0000)
  eden space 279616K,   0% used [0x038a0000, 0x038a0000, 0x149b0000)
  from space 34944K,  18% used [0x16bd0000, 0x172251b8, 0x18df0000)
  to   space 34944K,   0% used [0x149b0000, 0x149b0000, 0x16bd0000)
 tenured generation   total 699072K, used 692505K [0x18df0000, 0x438a0000, 0x438a0000)
   the space 699072K,  99% used [0x18df0000, 0x43236728, 0x43236800, 0x438a0000)
 compacting perm gen  total 12288K, used 12248K [0x438a0000, 0x444a0000, 0x478a0000)
   the space 12288K,  99% used [0x438a0000, 0x44496308, 0x44496400, 0x444a0000)
No shared spaces configured.
}
Event: 3707.423 GC heap before
{Heap before GC invocations=1567 (full 9):
 def new generation   total 314560K, used 286100K [0x038a0000, 0x18df0000, 0x18df0000)
  eden space 279616K, 100% used [0x038a0000, 0x149b0000, 0x149b0000)
  from space 34944K,  18% used [0x16bd0000, 0x172251b8, 0x18df0000)
  to   space 34944K,   0% used [0x149b0000, 0x149b0000, 0x16bd0000)
 tenured generation   total 699072K, used 692505K [0x18df0000, 0x438a0000, 0x438a0000)
   the space 699072K,  99% used [0x18df0000, 0x43236728, 0x43236800, 0x438a0000)
 compacting perm gen  total 12288K, used 12248K [0x438a0000, 0x444a0000, 0x478a0000)
   the space 12288K,  99% used [0x438a0000, 0x44496308, 0x44496400, 0x444a0000)
No shared spaces configured.
Event: 3707.439 GC heap after
Heap after GC invocations=1568 (full 9):
 def new generation   total 314560K, used 6740K [0x038a0000, 0x18df0000, 0x18df0000)
  eden space 279616K,   0% used [0x038a0000, 0x038a0000, 0x149b0000)
  from space 34944K,  19% used [0x149b0000, 0x150450c8, 0x16bd0000)
  to   space 34944K,   0% used [0x16bd0000, 0x16bd0000, 0x18df0000)
 tenured generation   total 699072K, used 692614K [0x18df0000, 0x438a0000, 0x438a0000)
   the space 699072K,  99% used [0x18df0000, 0x43251a68, 0x43251c00, 0x438a0000)
 compacting perm gen  total 12288K, used 12248K [0x438a0000, 0x444a0000, 0x478a0000)
   the space 12288K,  99% used [0x438a0000, 0x44496308, 0x44496400, 0x444a0000)
No shared spaces configured.
}

