# JRE version: Java(TM) SE Runtime Environment (7.0_51-b13) (build 1.7.0_51-b13)
# Java VM: Java HotSpot(TM) Client VM (24.51-b03 mixed mode windows-x86 )
Heap
 def new generation   total 291456K, used 191790K [0x038f0000, 0x17530000, 0x18e40000)
  eden space 259072K,  73% used [0x038f0000, 0x0f304478, 0x135f0000)
  from space 32384K,   3% used [0x135f0000, 0x137274c8, 0x15590000)
  to   space 32384K,   0% used [0x15590000, 0x15590000, 0x17530000)
 tenured generation   total 647596K, used 620946K [0x18e40000, 0x406ab000, 0x438f0000)
   the space 647596K,  95% used [0x18e40000, 0x3eca4a18, 0x3eca4c00, 0x406ab000)
 compacting perm gen  total 12288K, used 12075K [0x438f0000, 0x444f0000, 0x478f0000)
   the space 12288K,  98% used [0x438f0000, 0x444bad38, 0x444bae00, 0x444f0000)
GC Heap History (10 events):
Event: 2969.761 GC heap before
{Heap before GC invocations=844 (full 7):
 def new generation   total 291456K, used 260174K [0x038f0000, 0x17530000, 0x18e40000)
  eden space 259072K, 100% used [0x038f0000, 0x135f0000, 0x135f0000)
  from space 32384K,   3% used [0x15590000, 0x156a3b70, 0x17530000)
  to   space 32384K,   0% used [0x135f0000, 0x135f0000, 0x15590000)
 tenured generation   total 647596K, used 620596K [0x18e40000, 0x406ab000, 0x438f0000)
   the space 647596K,  95% used [0x18e40000, 0x3ec4d3b8, 0x3ec4d400, 0x406ab000)
 compacting perm gen  total 12288K, used 12075K [0x438f0000, 0x444f0000, 0x478f0000)
   the space 12288K,  98% used [0x438f0000, 0x444bad38, 0x444bae00, 0x444f0000)
No shared spaces configured.
Event: 2969.772 GC heap after
Heap after GC invocations=845 (full 7):
 def new generation   total 291456K, used 1098K [0x038f0000, 0x17530000, 0x18e40000)
  eden space 259072K,   0% used [0x038f0000, 0x038f0000, 0x135f0000)
  from space 32384K,   3% used [0x135f0000, 0x13702ae8, 0x15590000)
  to   space 32384K,   0% used [0x15590000, 0x15590000, 0x17530000)
 tenured generation   total 647596K, used 620668K [0x18e40000, 0x406ab000, 0x438f0000)
   the space 647596K,  95% used [0x18e40000, 0x3ec5f058, 0x3ec5f200, 0x406ab000)
 compacting perm gen  total 12288K, used 12075K [0x438f0000, 0x444f0000, 0x478f0000)
   the space 12288K,  98% used [0x438f0000, 0x444bad38, 0x444bae00, 0x444f0000)
No shared spaces configured.
}
Event: 2972.023 GC heap before
{Heap before GC invocations=845 (full 7):
 def new generation   total 291456K, used 260170K [0x038f0000, 0x17530000, 0x18e40000)
  eden space 259072K, 100% used [0x038f0000, 0x135f0000, 0x135f0000)
  from space 32384K,   3% used [0x135f0000, 0x13702ae8, 0x15590000)
  to   space 32384K,   0% used [0x15590000, 0x15590000, 0x17530000)
 tenured generation   total 647596K, used 620668K [0x18e40000, 0x406ab000, 0x438f0000)
   the space 647596K,  95% used [0x18e40000, 0x3ec5f058, 0x3ec5f200, 0x406ab000)
 compacting perm gen  total 12288K, used 12075K [0x438f0000, 0x444f0000, 0x478f0000)
   the space 12288K,  98% used [0x438f0000, 0x444bad38, 0x444bae00, 0x444f0000)
No shared spaces configured.
Event: 2972.034 GC heap after
Heap after GC invocations=846 (full 7):
 def new generation   total 291456K, used 1101K [0x038f0000, 0x17530000, 0x18e40000)
  eden space 259072K,   0% used [0x038f0000, 0x038f0000, 0x135f0000)
  from space 32384K,   3% used [0x15590000, 0x156a3770, 0x17530000)
  to   space 32384K,   0% used [0x135f0000, 0x135f0000, 0x15590000)
 tenured generation   total 647596K, used 620738K [0x18e40000, 0x406ab000, 0x438f0000)
   the space 647596K,  95% used [0x18e40000, 0x3ec708e0, 0x3ec70a00, 0x406ab000)
 compacting perm gen  total 12288K, used 12075K [0x438f0000, 0x444f0000, 0x478f0000)
   the space 12288K,  98% used [0x438f0000, 0x444bad38, 0x444bae00, 0x444f0000)
No shared spaces configured.
}
Event: 2974.539 GC heap before
{Heap before GC invocations=846 (full 7):
 def new generation   total 291456K, used 260173K [0x038f0000, 0x17530000, 0x18e40000)
  eden space 259072K, 100% used [0x038f0000, 0x135f0000, 0x135f0000)
  from space 32384K,   3% used [0x15590000, 0x156a3770, 0x17530000)
  to   space 32384K,   0% used [0x135f0000, 0x135f0000, 0x15590000)
 tenured generation   total 647596K, used 620738K [0x18e40000, 0x406ab000, 0x438f0000)
   the space 647596K,  95% used [0x18e40000, 0x3ec708e0, 0x3ec70a00, 0x406ab000)
 compacting perm gen  total 12288K, used 12075K [0x438f0000, 0x444f0000, 0x478f0000)
   the space 12288K,  98% used [0x438f0000, 0x444bad38, 0x444bae00, 0x444f0000)
No shared spaces configured.
Event: 2974.549 GC heap after
Heap after GC invocations=847 (full 7):
 def new generation   total 291456K, used 1116K [0x038f0000, 0x17530000, 0x18e40000)
  eden space 259072K,   0% used [0x038f0000, 0x038f0000, 0x135f0000)
  from space 32384K,   3% used [0x135f0000, 0x137072f0, 0x15590000)
  to   space 32384K,   0% used [0x15590000, 0x15590000, 0x17530000)
 tenured generation   total 647596K, used 620807K [0x18e40000, 0x406ab000, 0x438f0000)
   the space 647596K,  95% used [0x18e40000, 0x3ec81d38, 0x3ec81e00, 0x406ab000)
 compacting perm gen  total 12288K, used 12075K [0x438f0000, 0x444f0000, 0x478f0000)
   the space 12288K,  98% used [0x438f0000, 0x444bad38, 0x444bae00, 0x444f0000)
No shared spaces configured.
}
Event: 2976.891 GC heap before
{Heap before GC invocations=847 (full 7):
 def new generation   total 291456K, used 260188K [0x038f0000, 0x17530000, 0x18e40000)
  eden space 259072K, 100% used [0x038f0000, 0x135f0000, 0x135f0000)
  from space 32384K,   3% used [0x135f0000, 0x137072f0, 0x15590000)
  to   space 32384K,   0% used [0x15590000, 0x15590000, 0x17530000)
 tenured generation   total 647596K, used 620807K [0x18e40000, 0x406ab000, 0x438f0000)
   the space 647596K,  95% used [0x18e40000, 0x3ec81d38, 0x3ec81e00, 0x406ab000)
 compacting perm gen  total 12288K, used 12075K [0x438f0000, 0x444f0000, 0x478f0000)
   the space 12288K,  98% used [0x438f0000, 0x444bad38, 0x444bae00, 0x444f0000)
No shared spaces configured.
Event: 2976.902 GC heap after
Heap after GC invocations=848 (full 7):
 def new generation   total 291456K, used 1096K [0x038f0000, 0x17530000, 0x18e40000)
  eden space 259072K,   0% used [0x038f0000, 0x038f0000, 0x135f0000)
  from space 32384K,   3% used [0x15590000, 0x156a2360, 0x17530000)
  to   space 32384K,   0% used [0x135f0000, 0x135f0000, 0x15590000)
 tenured generation   total 647596K, used 620877K [0x18e40000, 0x406ab000, 0x438f0000)
   the space 647596K,  95% used [0x18e40000, 0x3ec93418, 0x3ec93600, 0x406ab000)
 compacting perm gen  total 12288K, used 12075K [0x438f0000, 0x444f0000, 0x478f0000)
   the space 12288K,  98% used [0x438f0000, 0x444bad38, 0x444bae00, 0x444f0000)
No shared spaces configured.
}
Event: 2979.461 GC heap before
{Heap before GC invocations=848 (full 7):
 def new generation   total 291456K, used 260168K [0x038f0000, 0x17530000, 0x18e40000)
  eden space 259072K, 100% used [0x038f0000, 0x135f0000, 0x135f0000)
  from space 32384K,   3% used [0x15590000, 0x156a2360, 0x17530000)
  to   space 32384K,   0% used [0x135f0000, 0x135f0000, 0x15590000)
 tenured generation   total 647596K, used 620877K [0x18e40000, 0x406ab000, 0x438f0000)
   the space 647596K,  95% used [0x18e40000, 0x3ec93418, 0x3ec93600, 0x406ab000)
 compacting perm gen  total 12288K, used 12075K [0x438f0000, 0x444f0000, 0x478f0000)
   the space 12288K,  98% used [0x438f0000, 0x444bad38, 0x444bae00, 0x444f0000)
No shared spaces configured.
Event: 2979.483 GC heap after
Heap after GC invocations=849 (full 7):
 def new generation   total 291456K, used 1245K [0x038f0000, 0x17530000, 0x18e40000)
  eden space 259072K,   0% used [0x038f0000, 0x038f0000, 0x135f0000)
  from space 32384K,   3% used [0x135f0000, 0x137274c8, 0x15590000)
  to   space 32384K,   0% used [0x15590000, 0x15590000, 0x17530000)
 tenured generation   total 647596K, used 620946K [0x18e40000, 0x406ab000, 0x438f0000)
   the space 647596K,  95% used [0x18e40000, 0x3eca4a18, 0x3eca4c00, 0x406ab000)
 compacting perm gen  total 12288K, used 12075K [0x438f0000, 0x444f0000, 0x478f0000)
   the space 12288K,  98% used [0x438f0000, 0x444bad38, 0x444bae00, 0x444f0000)
No shared spaces configured.
}

