# JRE version: Java(TM) SE Runtime Environment (7.0_51-b13) (build 1.7.0_51-b13)
# Java VM: Java HotSpot(TM) Client VM (24.51-b03 mixed mode windows-x86 )
Heap
 def new generation   total 262208K, used 202487K [0x03860000, 0x154e0000, 0x18db0000)
  eden space 233088K,  85% used [0x03860000, 0x0fb07790, 0x11c00000)
  from space 29120K,  10% used [0x11c00000, 0x11f166f0, 0x13870000)
  to   space 29120K,   0% used [0x13870000, 0x13870000, 0x154e0000)
 tenured generation   total 582560K, used 546824K [0x18db0000, 0x3c698000, 0x43860000)
   the space 582560K,  93% used [0x18db0000, 0x3a3b2280, 0x3a3b2400, 0x3c698000)
 compacting perm gen  total 12288K, used 12061K [0x43860000, 0x44460000, 0x47860000)
   the space 12288K,  98% used [0x43860000, 0x44427710, 0x44427800, 0x44460000)
GC Heap History (10 events):
Event: 3717.071 GC heap before
{Heap before GC invocations=1734 (full 10):
 def new generation   total 262208K, used 238724K [0x03860000, 0x154e0000, 0x18db0000)
  eden space 233088K, 100% used [0x03860000, 0x11c00000, 0x11c00000)
  from space 29120K,  19% used [0x13870000, 0x13df1060, 0x154e0000)
  to   space 29120K,   0% used [0x11c00000, 0x11c00000, 0x13870000)
 tenured generation   total 582560K, used 543730K [0x18db0000, 0x3c698000, 0x43860000)
   the space 582560K,  93% used [0x18db0000, 0x3a0aca48, 0x3a0acc00, 0x3c698000)
 compacting perm gen  total 12288K, used 12061K [0x43860000, 0x44460000, 0x47860000)
   the space 12288K,  98% used [0x43860000, 0x44427710, 0x44427800, 0x44460000)
No shared spaces configured.
Event: 3717.088 GC heap after
Heap after GC invocations=1735 (full 10):
 def new generation   total 262208K, used 4406K [0x03860000, 0x154e0000, 0x18db0000)
  eden space 233088K,   0% used [0x03860000, 0x03860000, 0x11c00000)
  from space 29120K,  15% used [0x11c00000, 0x1204d868, 0x13870000)
  to   space 29120K,   0% used [0x13870000, 0x13870000, 0x154e0000)
 tenured generation   total 582560K, used 545082K [0x18db0000, 0x3c698000, 0x43860000)
   the space 582560K,  93% used [0x18db0000, 0x3a1fe8d0, 0x3a1fea00, 0x3c698000)
 compacting perm gen  total 12288K, used 12061K [0x43860000, 0x44460000, 0x47860000)
   the space 12288K,  98% used [0x43860000, 0x44427710, 0x44427800, 0x44460000)
No shared spaces configured.
}
Event: 3719.233 GC heap before
{Heap before GC invocations=1735 (full 10):
 def new generation   total 262208K, used 237494K [0x03860000, 0x154e0000, 0x18db0000)
  eden space 233088K, 100% used [0x03860000, 0x11c00000, 0x11c00000)
  from space 29120K,  15% used [0x11c00000, 0x1204d868, 0x13870000)
  to   space 29120K,   0% used [0x13870000, 0x13870000, 0x154e0000)
 tenured generation   total 582560K, used 545082K [0x18db0000, 0x3c698000, 0x43860000)
   the space 582560K,  93% used [0x18db0000, 0x3a1fe8d0, 0x3a1fea00, 0x3c698000)
 compacting perm gen  total 12288K, used 12061K [0x43860000, 0x44460000, 0x47860000)
   the space 12288K,  98% used [0x43860000, 0x44427710, 0x44427800, 0x44460000)
No shared spaces configured.
Event: 3719.247 GC heap after
Heap after GC invocations=1736 (full 10):
 def new generation   total 262208K, used 4390K [0x03860000, 0x154e0000, 0x18db0000)
  eden space 233088K,   0% used [0x03860000, 0x03860000, 0x11c00000)
  from space 29120K,  15% used [0x13870000, 0x13cb9ac0, 0x154e0000)
  to   space 29120K,   0% used [0x11c00000, 0x11c00000, 0x13870000)
 tenured generation   total 582560K, used 545217K [0x18db0000, 0x3c698000, 0x43860000)
   the space 582560K,  93% used [0x18db0000, 0x3a2206d0, 0x3a220800, 0x3c698000)
 compacting perm gen  total 12288K, used 12061K [0x43860000, 0x44460000, 0x47860000)
   the space 12288K,  98% used [0x43860000, 0x44427710, 0x44427800, 0x44460000)
No shared spaces configured.
}
Event: 3721.422 GC heap before
{Heap before GC invocations=1736 (full 10):
 def new generation   total 262208K, used 237478K [0x03860000, 0x154e0000, 0x18db0000)
  eden space 233088K, 100% used [0x03860000, 0x11c00000, 0x11c00000)
  from space 29120K,  15% used [0x13870000, 0x13cb9ac0, 0x154e0000)
  to   space 29120K,   0% used [0x11c00000, 0x11c00000, 0x13870000)
 tenured generation   total 582560K, used 545217K [0x18db0000, 0x3c698000, 0x43860000)
   the space 582560K,  93% used [0x18db0000, 0x3a2206d0, 0x3a220800, 0x3c698000)
 compacting perm gen  total 12288K, used 12061K [0x43860000, 0x44460000, 0x47860000)
   the space 12288K,  98% used [0x43860000, 0x44427710, 0x44427800, 0x44460000)
No shared spaces configured.
Event: 3721.442 GC heap after
Heap after GC invocations=1737 (full 10):
 def new generation   total 262208K, used 3161K [0x03860000, 0x154e0000, 0x18db0000)
  eden space 233088K,   0% used [0x03860000, 0x03860000, 0x11c00000)
  from space 29120K,  10% used [0x11c00000, 0x11f16540, 0x13870000)
  to   space 29120K,   0% used [0x13870000, 0x13870000, 0x154e0000)
 tenured generation   total 582560K, used 546573K [0x18db0000, 0x3c698000, 0x43860000)
   the space 582560K,  93% used [0x18db0000, 0x3a3737b0, 0x3a373800, 0x3c698000)
 compacting perm gen  total 12288K, used 12061K [0x43860000, 0x44460000, 0x47860000)
   the space 12288K,  98% used [0x43860000, 0x44427710, 0x44427800, 0x44460000)
No shared spaces configured.
}
Event: 3723.653 GC heap before
{Heap before GC invocations=1737 (full 10):
 def new generation   total 262208K, used 236249K [0x03860000, 0x154e0000, 0x18db0000)
  eden space 233088K, 100% used [0x03860000, 0x11c00000, 0x11c00000)
  from space 29120K,  10% used [0x11c00000, 0x11f16540, 0x13870000)
  to   space 29120K,   0% used [0x13870000, 0x13870000, 0x154e0000)
 tenured generation   total 582560K, used 546573K [0x18db0000, 0x3c698000, 0x43860000)
   the space 582560K,  93% used [0x18db0000, 0x3a3737b0, 0x3a373800, 0x3c698000)
 compacting perm gen  total 12288K, used 12061K [0x43860000, 0x44460000, 0x47860000)
   the space 12288K,  98% used [0x43860000, 0x44427710, 0x44427800, 0x44460000)
No shared spaces configured.
Event: 3723.667 GC heap after
Heap after GC invocations=1738 (full 10):
 def new generation   total 262208K, used 3164K [0x03860000, 0x154e0000, 0x18db0000)
  eden space 233088K,   0% used [0x03860000, 0x03860000, 0x11c00000)
  from space 29120K,  10% used [0x13870000, 0x13b87080, 0x154e0000)
  to   space 29120K,   0% used [0x11c00000, 0x11c00000, 0x13870000)
 tenured generation   total 582560K, used 546700K [0x18db0000, 0x3c698000, 0x43860000)
   the space 582560K,  93% used [0x18db0000, 0x3a393190, 0x3a393200, 0x3c698000)
 compacting perm gen  total 12288K, used 12061K [0x43860000, 0x44460000, 0x47860000)
   the space 12288K,  98% used [0x43860000, 0x44427710, 0x44427800, 0x44460000)
No shared spaces configured.
}
Event: 3725.993 GC heap before
{Heap before GC invocations=1738 (full 10):
 def new generation   total 262208K, used 236252K [0x03860000, 0x154e0000, 0x18db0000)
  eden space 233088K, 100% used [0x03860000, 0x11c00000, 0x11c00000)
  from space 29120K,  10% used [0x13870000, 0x13b87080, 0x154e0000)
  to   space 29120K,   0% used [0x11c00000, 0x11c00000, 0x13870000)
 tenured generation   total 582560K, used 546700K [0x18db0000, 0x3c698000, 0x43860000)
   the space 582560K,  93% used [0x18db0000, 0x3a393190, 0x3a393200, 0x3c698000)
 compacting perm gen  total 12288K, used 12061K [0x43860000, 0x44460000, 0x47860000)
   the space 12288K,  98% used [0x43860000, 0x44427710, 0x44427800, 0x44460000)
No shared spaces configured.
Event: 3726.007 GC heap after
Heap after GC invocations=1739 (full 10):
 def new generation   total 262208K, used 3161K [0x03860000, 0x154e0000, 0x18db0000)
  eden space 233088K,   0% used [0x03860000, 0x03860000, 0x11c00000)
  from space 29120K,  10% used [0x11c00000, 0x11f166f0, 0x13870000)
  to   space 29120K,   0% used [0x13870000, 0x13870000, 0x154e0000)
 tenured generation   total 582560K, used 546824K [0x18db0000, 0x3c698000, 0x43860000)
   the space 582560K,  93% used [0x18db0000, 0x3a3b2280, 0x3a3b2400, 0x3c698000)
 compacting perm gen  total 12288K, used 12061K [0x43860000, 0x44460000, 0x47860000)
   the space 12288K,  98% used [0x43860000, 0x44427710, 0x44427800, 0x44460000)
No shared spaces configured.
}

